<?xml version="1.0" encoding="UTF-8"?>
<!-- Generated by org.testng.reporters.JUnitReportReporter -->
<testsuite hostname="harsimrandhanoa" name="com.qtp.selenium.Test1" tests="1" failures="0" timestamp="21 Apr 2016 16:55:51 GMT" time="0.042" errors="0">
  <testcase name="abc" time="0.042" classname="com.qtp.selenium.Test1"/>
</testsuite> <!-- com.qtp.selenium.Test1 -->
