<?xml version="1.0" encoding="UTF-8"?>
<!-- Generated by org.testng.reporters.JUnitReportReporter -->
<testsuite hostname="harsimrandhanoa" name="package1.Test3" tests="1" failures="0" timestamp="21 Apr 2016 15:59:47 GMT" time="0.051" errors="0">
  <testcase name="test3" time="0.051" classname="package1.Test3"/>
</testsuite> <!-- package1.Test3 -->
